2026-04-14 16:47:36, MOVE, v:1, k:fup@sobrou, mode:DOWN
2026-04-14 16:47:49, MOVE, v:1, k:fup@sobrou, mode:PICK
2026-04-14 16:50:50, EXEC, v:1, k:fup@sobrou, mode:FULL, rate:0, size:5
2026-04-14 16:51:28, EXEC, v:1, k:fup@sobrou, mode:FULL, rate:0
2026-04-14 16:51:31, EXEC, v:1, k:fup@sobrou, mode:FULL, rate:0
2026-04-14 16:51:41, EXEC, v:1, k:fup@sobrou, mode:FREE
2026-04-14 16:51:54, EXEC, v:1, k:fup@sobrou, mode:FREE
2026-04-14 16:47:36, MOVE, v:1, k:fup@sobrou, mode:EDIT
2026-04-14 16:47:36, MOVE, v:1, k:fup@sobrou, mode:EDIT
2026-04-14 16:47:36, MOVE, v:1, k:fup@sobrou, mode:EDIT
2026-04-14 16:50:43, MOVE, v:1, k:eval1@bala, mode:EDIT
2026-04-14 16:51:54, MOVE, v:1, k:fup@sobrou, mode:EDIT
2026-04-14 16:55:44, MOVE, v:1, k:eval1@bala, mode:EDIT
2026-04-14 17:18:21, EXEC, v:1, k:fup@sobrou, mode:FREE
2026-04-14 17:18:44, MOVE, v:1, k:fup@sobrou, mode:BACK
2026-04-14 17:18:57, MOVE, v:1, k:eval1@bala, mode:PICK
2026-04-14 17:18:58, EXEC, v:1, k:eval1@bala, mode:FULL, rate:100, size:21
2026-04-14 17:19:05, EXEC, v:1, k:eval1@bala, mode:FREE
2026-04-14 17:19:22, MOVE, v:1, k:eval1@bala, mode:BACK
2026-04-14 17:19:53, MOVE, v:1, k:eval1@bala, mode:PICK
2026-04-14 17:30:20, EXEC, v:1, k:eval1@bala, mode:FULL, rate:100
2026-04-14 17:30:22, EXEC, v:1, k:eval1@bala, mode:FREE
2026-04-14 17:30:41, MOVE, v:1, k:eval1@bala, mode:BACK
2026-04-14 17:30:46, MOVE, v:1, k:eval1@mumia, mode:DOWN
2026-04-14 17:30:31, MOVE, v:1, k:eval1@bala, mode:EDIT
2026-04-14 17:30:46, MOVE, v:1, k:eval1@mumia, mode:EDIT
2026-04-14 17:30:46, MOVE, v:1, k:eval1@mumia, mode:EDIT
2026-04-14 17:31:44, MOVE, v:1, k:eval1@mumia, mode:EDIT
