2026-05-05 17:19:38, MOVE, v:1, k:fup@tres, mode:PICK
2026-05-05 17:19:48, EXEC, v:1, k:fup@tres, mode:FULL, rate:100
2026-05-05 17:19:50, EXEC, v:1, k:fup@tres, mode:FREE
2026-05-05 17:24:12, MOVE, v:1, k:fup@tres, mode:BACK
2026-05-05 17:24:15, MOVE, v:1, k:fup@resto, mode:PICK
2026-05-05 17:24:17, EXEC, v:1, k:fup@resto, mode:FREE
2026-05-05 17:24:28, MOVE, v:1, k:fup@resto, mode:BACK
2026-05-05 17:24:32, MOVE, v:1, k:fup@media, mode:PICK
2026-05-05 17:19:51, MOVE, v:1, k:fup@tres, mode:EDIT
2026-05-05 17:24:18, MOVE, v:1, k:fup@resto, mode:EDIT
2026-05-05 17:24:35, MOVE, v:1, k:fup@media, mode:BACK
2026-05-05 17:24:37, MOVE, v:1, k:fup@media, mode:PICK
2026-05-05 17:24:38, EXEC, v:1, k:fup@media, mode:FULL, rate:100
2026-05-05 17:24:42, EXEC, v:1, k:fup@media, mode:FREE
2026-05-05 17:24:49, MOVE, v:1, k:fup@media, mode:BACK
2026-05-05 17:24:54, MOVE, v:1, k:fup@resto, mode:PICK
2026-05-05 17:24:55, EXEC, v:1, k:fup@resto, mode:FULL, rate:100
2026-05-05 17:24:58, EXEC, v:1, k:fup@resto, mode:FREE
2026-05-05 17:25:07, MOVE, v:1, k:fup@resto, mode:BACK
2026-05-05 17:26:25, MOVE, v:1, k:fup@tres, mode:PICK
2026-05-05 17:26:27, EXEC, v:1, k:fup@tres, mode:FULL, rate:100
2026-05-05 17:26:28, MOVE, v:1, k:fup@tres, mode:BACK
2026-05-05 17:26:29, MOVE, v:1, k:fup@tres, mode:PICK
2026-05-05 17:26:30, EXEC, v:1, k:fup@tres, mode:FULL, rate:100
2026-05-05 17:26:31, EXEC, v:1, k:fup@tres, mode:FREE
2026-05-05 17:26:55, MOVE, v:1, k:fup@tres, mode:BACK
2026-05-05 17:26:58, MOVE, v:1, k:fup@resto, mode:PICK
2026-05-05 17:26:59, EXEC, v:1, k:fup@resto, mode:FULL, rate:100
2026-05-05 17:27:01, EXEC, v:1, k:fup@resto, mode:FREE
2026-05-05 17:38:21, MOVE, v:1, k:fup@segundos, mode:DOWN
2026-05-05 17:39:45, MOVE, v:1, k:fup@segundos, mode:PICK
2026-05-05 17:39:47, EXEC, v:1, k:fup@segundos, mode:FREE, size:19
2026-05-05 17:39:55, EXEC, v:1, k:fup@segundos, mode:FULL, rate:0
2026-05-05 17:40:00, EXEC, v:1, k:fup@segundos, mode:FULL, rate:0
2026-05-05 17:38:21, MOVE, v:1, k:fup@segundos, mode:EDIT
2026-05-05 17:38:21, MOVE, v:1, k:fup@segundos, mode:EDIT
2026-05-05 17:39:35, MOVE, v:1, k:fup@segundos, mode:EDIT
2026-05-05 17:40:00, MOVE, v:1, k:fup@segundos, mode:EDIT
2026-05-05 17:42:56, EXEC, v:1, k:fup@segundos, mode:FULL, rate:0
2026-05-05 17:43:03, EXEC, v:1, k:fup@segundos, mode:FULL, rate:0
2026-05-05 17:47:25, EXEC, v:1, k:fup@segundos, mode:FULL, rate:0
2026-05-05 17:47:25, EXEC, v:1, k:fup@segundos, mode:FREE
2026-05-05 17:47:32, MOVE, v:1, k:fup@segundos, mode:BACK
2026-05-05 17:47:33, MOVE, v:1, k:fup@segundos, mode:PICK
2026-05-05 17:47:34, MOVE, v:1, k:fup@segundos, mode:BACK
2026-05-05 17:47:25, MOVE, v:1, k:fup@segundos, mode:EDIT
2026-05-05 17:42:58, MOVE, v:1, k:fup@segundos, mode:EDIT
2026-05-05 18:05:01, MOVE, v:1, k:fup@segundos, mode:PICK
2026-05-05 18:05:03, EXEC, v:1, k:fup@segundos, mode:FULL, rate:0
2026-05-05 18:05:03, MOVE, v:1, k:fup@segundos, mode:EDIT
